#! /c/Source/iverilog-install/bin/vvp
:ivl_version "12.0 (devel)" "(s20150603-1110-g18392a46)";
:ivl_delay_selection "TYPICAL";
:vpi_time_precision - 12;
:vpi_module "D:\Programs\iverilog\lib\ivl\system.vpi";
:vpi_module "D:\Programs\iverilog\lib\ivl\vhdl_sys.vpi";
:vpi_module "D:\Programs\iverilog\lib\ivl\vhdl_textio.vpi";
:vpi_module "D:\Programs\iverilog\lib\ivl\v2005_math.vpi";
:vpi_module "D:\Programs\iverilog\lib\ivl\va_math.vpi";
S_000001eea17de7d0 .scope module, "tb_i2c_core" "tb_i2c_core" 2 4;
 .timescale -9 -12;
L_000001eea1b80088 .functor BUFT 1, C4<1>, C4<0>, C4<0>, C4<0>;
L_000001eea17bf410 .functor XNOR 1, v000001eea1836530_0, L_000001eea1b80088, C4<0>, C4<0>;
L_000001eea1b800d0 .functor BUFT 1, C4<1>, C4<0>, C4<0>, C4<0>;
L_000001eea17bf2c0 .functor XNOR 1, v000001eea1836a30_0, L_000001eea1b800d0, C4<0>, C4<0>;
L_000001eea17bfb10 .functor OR 1, L_000001eea17bf410, L_000001eea17bf2c0, C4<0>, C4<0>;
L_000001eea1b80118 .functor BUFT 1, C4<1>, C4<0>, C4<0>, C4<0>;
L_000001eea17bf5d0 .functor XNOR 1, v000001eea1836530_0, L_000001eea1b80118, C4<0>, C4<0>;
RS_000001eea17df928 .resolv tri, L_000001eea1837d90, L_000001eea1838290;
L_000001eea17bee60 .functor BUFZ 1, RS_000001eea17df928, C4<0>, C4<0>, C4<0>;
v000001eea18353d0_0 .var/i "B", 31 0;
v000001eea1834930_0 .var/i "T", 31 0;
v000001eea1835470_0 .net/2u *"_ivl_0", 0 0, L_000001eea1b80088;  1 drivers
v000001eea1835e70_0 .net/2u *"_ivl_10", 0 0, L_000001eea1b80118;  1 drivers
v000001eea1835f10_0 .net *"_ivl_12", 0 0, L_000001eea17bf5d0;  1 drivers
L_000001eea1b80160 .functor BUFT 1, C4<0>, C4<0>, C4<0>, C4<0>;
v000001eea1834c50_0 .net/2u *"_ivl_14", 0 0, L_000001eea1b80160;  1 drivers
v000001eea1834cf0_0 .net *"_ivl_16", 0 0, L_000001eea1837110;  1 drivers
o000001eea17dfda8 .functor BUFZ 1, C4<z>; HiZ drive
; Elide local net with no drivers, v000001eea1834d90_0 name=_ivl_18
v000001eea1834f70_0 .net *"_ivl_2", 0 0, L_000001eea17bf410;  1 drivers
v000001eea1835650_0 .net/2u *"_ivl_4", 0 0, L_000001eea1b800d0;  1 drivers
v000001eea1837070_0 .net *"_ivl_6", 0 0, L_000001eea17bf2c0;  1 drivers
v000001eea1836f30_0 .net *"_ivl_9", 0 0, L_000001eea17bfb10;  1 drivers
v000001eea1836530_0 .var "ack_en", 0 0;
v000001eea18381f0_0 .var "clk", 0 0;
v000001eea1837930_0 .net "data_rd", 7 0, L_000001eea17bf800;  1 drivers
v000001eea1837750_0 .var "data_wr", 7 0;
v000001eea1837570_0 .var "dev_addr", 6 0;
v000001eea1837f70_0 .var "high_addr", 0 0;
v000001eea1838010_0 .var/i "i", 31 0;
v000001eea1837c50_0 .var "mem_addr", 15 0;
v000001eea18371b0_0 .var "mem_data", 7 0;
v000001eea1836a30_0 .var "mem_data_en", 0 0;
v000001eea1836ad0_0 .var "rd_wr_en", 0 0;
v000001eea18376b0_0 .var "rstn", 0 0;
v000001eea1836cb0_0 .net "scl", 0 0, L_000001eea1bc8ee0;  1 drivers
v000001eea1837cf0_0 .net8 "sda", 0 0, RS_000001eea17df928;  2 drivers
v000001eea1837250_0 .net "sda_in", 0 0, L_000001eea17bee60;  1 drivers
v000001eea18380b0_0 .var "sda_out", 0 0;
v000001eea1836fd0_0 .var "sda_r", 0 0;
v000001eea1837b10_0 .var "start", 0 0;
L_000001eea1837110 .functor MUXZ 1, v000001eea1836fd0_0, L_000001eea1b80160, L_000001eea17bf5d0, C4<>;
L_000001eea1837d90 .functor MUXZ 1, o000001eea17dfda8, L_000001eea1837110, L_000001eea17bfb10, C4<>;
S_000001eea17deb30 .scope module, "i2c_core_ins" "i2c_core" 2 83, 3 2 0, S_000001eea17de7d0;
 .timescale -9 -12;
    .port_info 0 /INPUT 1 "rstn";
    .port_info 1 /INPUT 1 "clk";
    .port_info 2 /INPUT 1 "start";
    .port_info 3 /INPUT 1 "high_addr";
    .port_info 4 /INPUT 7 "dev_addr";
    .port_info 5 /INPUT 16 "mem_addr";
    .port_info 6 /INPUT 1 "rd_wr_en";
    .port_info 7 /INPUT 8 "data_wr";
    .port_info 8 /OUTPUT 8 "data_rd";
    .port_info 9 /INOUT 1 "scl";
    .port_info 10 /INOUT 1 "sda";
P_000001eea17b4760 .param/l "ACK_0" 1 3 26, C4<0010>;
P_000001eea17b4798 .param/l "ACK_1" 1 3 28, C4<0111>;
P_000001eea17b47d0 .param/l "ACK_2" 1 3 30, C4<0100>;
P_000001eea17b4808 .param/l "ACK_NOT" 1 3 36, C4<1010>;
P_000001eea17b4840 .param/l "ACK_RD" 1 3 34, C4<1111>;
P_000001eea17b4878 .param/l "ACK_WR" 1 3 39, C4<1001>;
P_000001eea17b48b0 .param/l "DATA_RD" 1 3 35, C4<1110>;
P_000001eea17b48e8 .param/l "DATA_WR" 1 3 38, C4<1011>;
P_000001eea17b4920 .param/l "DEV_ADDR" 1 3 25, C4<0011>;
P_000001eea17b4958 .param/l "DEV_ADDR_RD" 1 3 33, C4<1101>;
P_000001eea17b4990 .param/l "IDLE" 1 3 23, C4<0000>;
P_000001eea17b49c8 .param/l "MEM_ADDR_H" 1 3 27, C4<0110>;
P_000001eea17b4a00 .param/l "MEM_ADDR_L" 1 3 29, C4<0101>;
P_000001eea17b4a38 .param/l "START" 1 3 24, C4<0001>;
P_000001eea17b4a70 .param/l "STATRT_RD" 1 3 32, C4<1100>;
P_000001eea17b4aa8 .param/l "STOP" 1 3 40, C4<1000>;
L_000001eea17bf800 .functor BUFZ 8, v000001eea1834890_0, C4<00000000>, C4<00000000>, C4<00000000>;
L_000001eea17bf640 .functor OR 1, L_000001eea1837610, L_000001eea1837e30, C4<0>, C4<0>;
L_000001eea17bf6b0 .functor OR 1, L_000001eea17bf640, L_000001eea1836d50, C4<0>, C4<0>;
L_000001eea17bf8e0 .functor OR 1, L_000001eea17bf6b0, L_000001eea18365d0, C4<0>, C4<0>;
L_000001eea17bfa30 .functor OR 1, L_000001eea17bf8e0, L_000001eea1837ed0, C4<0>, C4<0>;
L_000001eea17bfaa0 .functor OR 1, L_000001eea17bfa30, L_000001eea1836670, C4<0>, C4<0>;
L_000001eea17bfb80 .functor OR 1, L_000001eea18372f0, L_000001eea1837a70, C4<0>, C4<0>;
L_000001eea17bfbf0 .functor OR 1, L_000001eea17bfb80, L_000001eea1836710, C4<0>, C4<0>;
L_000001eea17beed0 .functor OR 1, L_000001eea17bfbf0, L_000001eea1836c10, C4<0>, C4<0>;
L_000001eea17bfc60 .functor OR 1, L_000001eea17beed0, L_000001eea1838150, C4<0>, C4<0>;
L_000001eea1bc8540 .functor OR 1, L_000001eea17bfc60, L_000001eea1837bb0, C4<0>, C4<0>;
L_000001eea1b80700 .functor BUFT 1, C4<1>, C4<0>, C4<0>, C4<0>;
L_000001eea1bc8930 .functor XNOR 1, L_000001eea1836b70, L_000001eea1b80700, C4<0>, C4<0>;
L_000001eea1bc8850 .functor BUFZ 1, RS_000001eea17df928, C4<0>, C4<0>, C4<0>;
L_000001eea1bc8ee0 .functor BUFZ 1, v000001eea18342f0_0, C4<0>, C4<0>, C4<0>;
v000001eea17822b0_0 .net *"_ivl_11", 0 0, L_000001eea17bf640;  1 drivers
L_000001eea1b80238 .functor BUFT 1, C4<0101>, C4<0>, C4<0>, C4<0>;
v000001eea1783750_0 .net/2u *"_ivl_12", 3 0, L_000001eea1b80238;  1 drivers
v000001eea17832f0_0 .net *"_ivl_14", 0 0, L_000001eea1836d50;  1 drivers
v000001eea1783390_0 .net *"_ivl_17", 0 0, L_000001eea17bf6b0;  1 drivers
L_000001eea1b80280 .functor BUFT 1, C4<1011>, C4<0>, C4<0>, C4<0>;
v000001eea1781c70_0 .net/2u *"_ivl_18", 3 0, L_000001eea1b80280;  1 drivers
L_000001eea1b801a8 .functor BUFT 1, C4<0011>, C4<0>, C4<0>, C4<0>;
v000001eea17825d0_0 .net/2u *"_ivl_2", 3 0, L_000001eea1b801a8;  1 drivers
v000001eea1782d50_0 .net *"_ivl_20", 0 0, L_000001eea18365d0;  1 drivers
v000001eea1782e90_0 .net *"_ivl_23", 0 0, L_000001eea17bf8e0;  1 drivers
L_000001eea1b802c8 .functor BUFT 1, C4<1101>, C4<0>, C4<0>, C4<0>;
v000001eea1782670_0 .net/2u *"_ivl_24", 3 0, L_000001eea1b802c8;  1 drivers
v000001eea1783890_0 .net *"_ivl_26", 0 0, L_000001eea1837ed0;  1 drivers
v000001eea1781e50_0 .net *"_ivl_29", 0 0, L_000001eea17bfa30;  1 drivers
L_000001eea1b80310 .functor BUFT 1, C4<1110>, C4<0>, C4<0>, C4<0>;
v000001eea1783430_0 .net/2u *"_ivl_30", 3 0, L_000001eea1b80310;  1 drivers
v000001eea1782f30_0 .net *"_ivl_32", 0 0, L_000001eea1836670;  1 drivers
v000001eea1783570_0 .net *"_ivl_35", 0 0, L_000001eea17bfaa0;  1 drivers
L_000001eea1b80358 .functor BUFT 1, C4<1>, C4<0>, C4<0>, C4<0>;
v000001eea1782850_0 .net/2u *"_ivl_36", 0 0, L_000001eea1b80358;  1 drivers
L_000001eea1b803a0 .functor BUFT 1, C4<0>, C4<0>, C4<0>, C4<0>;
v000001eea1781db0_0 .net/2u *"_ivl_38", 0 0, L_000001eea1b803a0;  1 drivers
v000001eea1782710_0 .net *"_ivl_4", 0 0, L_000001eea1837610;  1 drivers
L_000001eea1b803e8 .functor BUFT 1, C4<0000>, C4<0>, C4<0>, C4<0>;
v000001eea1782fd0_0 .net/2u *"_ivl_42", 3 0, L_000001eea1b803e8;  1 drivers
v000001eea17827b0_0 .net *"_ivl_44", 0 0, L_000001eea18377f0;  1 drivers
L_000001eea1b80430 .functor BUFT 1, C4<1>, C4<0>, C4<0>, C4<0>;
v000001eea17828f0_0 .net/2u *"_ivl_46", 0 0, L_000001eea1b80430;  1 drivers
L_000001eea1b80478 .functor BUFT 1, C4<0>, C4<0>, C4<0>, C4<0>;
v000001eea1782b70_0 .net/2u *"_ivl_48", 0 0, L_000001eea1b80478;  1 drivers
L_000001eea1b804c0 .functor BUFT 1, C4<1110>, C4<0>, C4<0>, C4<0>;
v000001eea1783070_0 .net/2u *"_ivl_52", 3 0, L_000001eea1b804c0;  1 drivers
v000001eea1783110_0 .net *"_ivl_54", 0 0, L_000001eea18372f0;  1 drivers
L_000001eea1b80508 .functor BUFT 1, C4<0010>, C4<0>, C4<0>, C4<0>;
v000001eea1782030_0 .net/2u *"_ivl_56", 3 0, L_000001eea1b80508;  1 drivers
v000001eea1783250_0 .net *"_ivl_58", 0 0, L_000001eea1837a70;  1 drivers
L_000001eea1b801f0 .functor BUFT 1, C4<0110>, C4<0>, C4<0>, C4<0>;
v000001eea17836b0_0 .net/2u *"_ivl_6", 3 0, L_000001eea1b801f0;  1 drivers
v000001eea17837f0_0 .net *"_ivl_61", 0 0, L_000001eea17bfb80;  1 drivers
L_000001eea1b80550 .functor BUFT 1, C4<0111>, C4<0>, C4<0>, C4<0>;
v000001eea1783930_0 .net/2u *"_ivl_62", 3 0, L_000001eea1b80550;  1 drivers
v000001eea17839d0_0 .net *"_ivl_64", 0 0, L_000001eea1836710;  1 drivers
v000001eea1781bd0_0 .net *"_ivl_67", 0 0, L_000001eea17bfbf0;  1 drivers
L_000001eea1b80598 .functor BUFT 1, C4<0100>, C4<0>, C4<0>, C4<0>;
v000001eea1781d10_0 .net/2u *"_ivl_68", 3 0, L_000001eea1b80598;  1 drivers
v000001eea1778540_0 .net *"_ivl_70", 0 0, L_000001eea1836c10;  1 drivers
v000001eea18341b0_0 .net *"_ivl_73", 0 0, L_000001eea17beed0;  1 drivers
L_000001eea1b805e0 .functor BUFT 1, C4<1111>, C4<0>, C4<0>, C4<0>;
v000001eea18347f0_0 .net/2u *"_ivl_74", 3 0, L_000001eea1b805e0;  1 drivers
v000001eea18358d0_0 .net *"_ivl_76", 0 0, L_000001eea1838150;  1 drivers
v000001eea1834ed0_0 .net *"_ivl_79", 0 0, L_000001eea17bfc60;  1 drivers
v000001eea1835ab0_0 .net *"_ivl_8", 0 0, L_000001eea1837e30;  1 drivers
L_000001eea1b80628 .functor BUFT 1, C4<1001>, C4<0>, C4<0>, C4<0>;
v000001eea1835dd0_0 .net/2u *"_ivl_80", 3 0, L_000001eea1b80628;  1 drivers
v000001eea18356f0_0 .net *"_ivl_82", 0 0, L_000001eea1837bb0;  1 drivers
v000001eea1835790_0 .net *"_ivl_85", 0 0, L_000001eea1bc8540;  1 drivers
L_000001eea1b80670 .functor BUFT 1, C4<1>, C4<0>, C4<0>, C4<0>;
v000001eea18350b0_0 .net/2u *"_ivl_86", 0 0, L_000001eea1b80670;  1 drivers
L_000001eea1b806b8 .functor BUFT 1, C4<0>, C4<0>, C4<0>, C4<0>;
v000001eea1834070_0 .net/2u *"_ivl_88", 0 0, L_000001eea1b806b8;  1 drivers
v000001eea18346b0_0 .net/2u *"_ivl_92", 0 0, L_000001eea1b80700;  1 drivers
v000001eea1835150_0 .net *"_ivl_94", 0 0, L_000001eea1bc8930;  1 drivers
o000001eea17df508 .functor BUFZ 1, C4<z>; HiZ drive
; Elide local net with no drivers, v000001eea1834110_0 name=_ivl_96
v000001eea1834a70_0 .net "ack_en", 0 0, L_000001eea1836b70;  1 drivers
v000001eea1834b10_0 .net "clk", 0 0, v000001eea18381f0_0;  1 drivers
v000001eea1835c90_0 .var "cnt_clk", 7 0;
v000001eea1835830_0 .var "cnt_data", 2 0;
v000001eea1835970_0 .net "cnt_data_en", 0 0, L_000001eea18379d0;  1 drivers
v000001eea1835d30_0 .var "cnt_i2c_clk", 1 0;
v000001eea18344d0_0 .net "cnt_i2c_clk_en", 0 0, L_000001eea1836df0;  1 drivers
v000001eea1835010_0 .var "current_state", 3 0;
v000001eea1834e30_0 .net "data_rd", 7 0, L_000001eea17bf800;  alias, 1 drivers
v000001eea1834890_0 .var "data_rd_r", 7 0;
v000001eea1834250_0 .net "data_wr", 7 0, v000001eea1837750_0;  1 drivers
v000001eea1834bb0_0 .net "dev_addr", 6 0, v000001eea1837570_0;  1 drivers
v000001eea1834750_0 .net "high_addr", 0 0, v000001eea1837f70_0;  1 drivers
v000001eea1835510_0 .var "i2c_clk", 0 0;
v000001eea18351f0_0 .net "mem_addr", 15 0, v000001eea1837c50_0;  1 drivers
v000001eea1834390_0 .var "next_state", 3 0;
v000001eea1835a10_0 .net "rd_wr_en", 0 0, v000001eea1836ad0_0;  1 drivers
v000001eea1835290_0 .net "rstn", 0 0, v000001eea18376b0_0;  1 drivers
v000001eea1835b50_0 .net "scl", 0 0, L_000001eea1bc8ee0;  alias, 1 drivers
v000001eea18342f0_0 .var "scl_clk", 0 0;
v000001eea1834610_0 .var "scl_clk_en", 0 0;
v000001eea18349d0_0 .net8 "sda", 0 0, RS_000001eea17df928;  alias, 2 drivers
v000001eea1834430_0 .net "sda_in", 0 0, L_000001eea1bc8850;  1 drivers
v000001eea18355b0_0 .var "sda_in_r", 0 0;
v000001eea1835bf0_0 .var "sda_r", 0 0;
v000001eea1835330_0 .net "start", 0 0, v000001eea1837b10_0;  1 drivers
v000001eea1834570_0 .var "start_r", 0 0;
E_000001eea17cc350/0 .event negedge, v000001eea1835290_0;
E_000001eea17cc350/1 .event posedge, v000001eea1835510_0;
E_000001eea17cc350 .event/or E_000001eea17cc350/0, E_000001eea17cc350/1;
E_000001eea17cc9d0/0 .event anyedge, v000001eea1835010_0, v000001eea1834570_0, v000001eea1834390_0, v000001eea1835d30_0;
E_000001eea17cc9d0/1 .event anyedge, v000001eea1835830_0, v000001eea18355b0_0, v000001eea1834750_0, v000001eea1835a10_0;
E_000001eea17cc9d0 .event/or E_000001eea17cc9d0/0, E_000001eea17cc9d0/1;
E_000001eea17cc390/0 .event negedge, v000001eea1835290_0;
E_000001eea17cc390/1 .event posedge, v000001eea1834b10_0;
E_000001eea17cc390 .event/or E_000001eea17cc390/0, E_000001eea17cc390/1;
L_000001eea1837610 .cmp/eq 4, v000001eea1835010_0, L_000001eea1b801a8;
L_000001eea1837e30 .cmp/eq 4, v000001eea1835010_0, L_000001eea1b801f0;
L_000001eea1836d50 .cmp/eq 4, v000001eea1835010_0, L_000001eea1b80238;
L_000001eea18365d0 .cmp/eq 4, v000001eea1835010_0, L_000001eea1b80280;
L_000001eea1837ed0 .cmp/eq 4, v000001eea1835010_0, L_000001eea1b802c8;
L_000001eea1836670 .cmp/eq 4, v000001eea1835010_0, L_000001eea1b80310;
L_000001eea18379d0 .functor MUXZ 1, L_000001eea1b803a0, L_000001eea1b80358, L_000001eea17bfaa0, C4<>;
L_000001eea18377f0 .cmp/ne 4, v000001eea1835010_0, L_000001eea1b803e8;
L_000001eea1836df0 .functor MUXZ 1, L_000001eea1b80478, L_000001eea1b80430, L_000001eea18377f0, C4<>;
L_000001eea18372f0 .cmp/eq 4, v000001eea1835010_0, L_000001eea1b804c0;
L_000001eea1837a70 .cmp/eq 4, v000001eea1835010_0, L_000001eea1b80508;
L_000001eea1836710 .cmp/eq 4, v000001eea1835010_0, L_000001eea1b80550;
L_000001eea1836c10 .cmp/eq 4, v000001eea1835010_0, L_000001eea1b80598;
L_000001eea1838150 .cmp/eq 4, v000001eea1835010_0, L_000001eea1b805e0;
L_000001eea1837bb0 .cmp/eq 4, v000001eea1835010_0, L_000001eea1b80628;
L_000001eea1836b70 .functor MUXZ 1, L_000001eea1b806b8, L_000001eea1b80670, L_000001eea1bc8540, C4<>;
L_000001eea1838290 .functor MUXZ 1, v000001eea1835bf0_0, o000001eea17df508, L_000001eea1bc8930, C4<>;
    .scope S_000001eea17deb30;
T_0 ;
    %wait E_000001eea17cc390;
    %load/vec4 v000001eea1835290_0;
    %nor/r;
    %flag_set/vec4 8;
    %jmp/0xz  T_0.0, 8;
    %pushi/vec4 0, 0, 1;
    %assign/vec4 v000001eea1835510_0, 0;
    %pushi/vec4 0, 0, 8;
    %assign/vec4 v000001eea1835c90_0, 0;
    %jmp T_0.1;
T_0.0 ;
    %load/vec4 v000001eea1835c90_0;
    %cmpi/e 249, 0, 8;
    %jmp/0xz  T_0.2, 4;
    %pushi/vec4 0, 0, 8;
    %assign/vec4 v000001eea1835c90_0, 0;
    %jmp T_0.3;
T_0.2 ;
    %load/vec4 v000001eea1835c90_0;
    %addi 1, 0, 8;
    %assign/vec4 v000001eea1835c90_0, 0;
    %load/vec4 v000001eea1835c90_0;
    %cmpi/u 124, 0, 8;
    %flag_or 5, 4;
    %jmp/0xz  T_0.4, 5;
    %pushi/vec4 1, 0, 1;
    %assign/vec4 v000001eea1835510_0, 0;
    %jmp T_0.5;
T_0.4 ;
    %pushi/vec4 0, 0, 1;
    %assign/vec4 v000001eea1835510_0, 0;
T_0.5 ;
T_0.3 ;
T_0.1 ;
    %jmp T_0;
    .thread T_0;
    .scope S_000001eea17deb30;
T_1 ;
    %wait E_000001eea17cc350;
    %load/vec4 v000001eea1835290_0;
    %nor/r;
    %flag_set/vec4 8;
    %jmp/0xz  T_1.0, 8;
    %pushi/vec4 0, 0, 3;
    %assign/vec4 v000001eea1835830_0, 0;
    %jmp T_1.1;
T_1.0 ;
    %load/vec4 v000001eea1835d30_0;
    %pushi/vec4 2, 0, 2;
    %cmp/e;
    %flag_get/vec4 4;
    %load/vec4 v000001eea1835970_0;
    %pushi/vec4 1, 0, 1;
    %cmp/e;
    %flag_get/vec4 4;
    %and;
    %flag_set/vec4 8;
    %jmp/0xz  T_1.2, 8;
    %load/vec4 v000001eea1835830_0;
    %cmpi/e 7, 0, 3;
    %jmp/0xz  T_1.4, 4;
    %pushi/vec4 0, 0, 3;
    %assign/vec4 v000001eea1835830_0, 0;
    %jmp T_1.5;
T_1.4 ;
    %load/vec4 v000001eea1835830_0;
    %addi 1, 0, 3;
    %assign/vec4 v000001eea1835830_0, 0;
T_1.5 ;
    %jmp T_1.3;
T_1.2 ;
    %load/vec4 v000001eea1835d30_0;
    %pushi/vec4 2, 0, 2;
    %cmp/e;
    %flag_get/vec4 4;
    %load/vec4 v000001eea1835970_0;
    %pushi/vec4 0, 0, 1;
    %cmp/e;
    %flag_get/vec4 4;
    %and;
    %flag_set/vec4 8;
    %jmp/0xz  T_1.6, 8;
    %pushi/vec4 0, 0, 3;
    %assign/vec4 v000001eea1835830_0, 0;
    %jmp T_1.7;
T_1.6 ;
    %load/vec4 v000001eea1835830_0;
    %assign/vec4 v000001eea1835830_0, 0;
T_1.7 ;
T_1.3 ;
T_1.1 ;
    %jmp T_1;
    .thread T_1;
    .scope S_000001eea17deb30;
T_2 ;
    %wait E_000001eea17cc350;
    %load/vec4 v000001eea1835290_0;
    %nor/r;
    %flag_set/vec4 8;
    %jmp/0xz  T_2.0, 8;
    %pushi/vec4 0, 0, 2;
    %assign/vec4 v000001eea1835d30_0, 0;
    %jmp T_2.1;
T_2.0 ;
    %load/vec4 v000001eea18344d0_0;
    %cmpi/e 1, 0, 1;
    %jmp/0xz  T_2.2, 4;
    %load/vec4 v000001eea1835d30_0;
    %cmpi/e 3, 0, 2;
    %jmp/0xz  T_2.4, 4;
    %pushi/vec4 0, 0, 2;
    %assign/vec4 v000001eea1835d30_0, 0;
    %jmp T_2.5;
T_2.4 ;
    %load/vec4 v000001eea1835d30_0;
    %addi 1, 0, 2;
    %assign/vec4 v000001eea1835d30_0, 0;
T_2.5 ;
    %jmp T_2.3;
T_2.2 ;
    %pushi/vec4 0, 0, 2;
    %assign/vec4 v000001eea1835d30_0, 0;
T_2.3 ;
T_2.1 ;
    %jmp T_2;
    .thread T_2;
    .scope S_000001eea17deb30;
T_3 ;
    %wait E_000001eea17cc350;
    %load/vec4 v000001eea1835290_0;
    %nor/r;
    %flag_set/vec4 8;
    %jmp/0xz  T_3.0, 8;
    %pushi/vec4 0, 0, 1;
    %assign/vec4 v000001eea1834610_0, 0;
    %jmp T_3.1;
T_3.0 ;
    %load/vec4 v000001eea1834390_0;
    %pushi/vec4 1, 0, 4;
    %cmp/e;
    %flag_get/vec4 4;
    %load/vec4 v000001eea1835d30_0;
    %pushi/vec4 0, 0, 2;
    %cmp/e;
    %flag_get/vec4 4;
    %and;
    %flag_set/vec4 8;
    %jmp/0xz  T_3.2, 8;
    %pushi/vec4 1, 0, 1;
    %assign/vec4 v000001eea1834610_0, 0;
    %jmp T_3.3;
T_3.2 ;
    %load/vec4 v000001eea1834390_0;
    %pushi/vec4 8, 0, 4;
    %cmp/e;
    %flag_get/vec4 4;
    %load/vec4 v000001eea1835d30_0;
    %pushi/vec4 0, 0, 2;
    %cmp/e;
    %flag_get/vec4 4;
    %and;
    %flag_set/vec4 8;
    %jmp/0xz  T_3.4, 8;
    %pushi/vec4 0, 0, 1;
    %assign/vec4 v000001eea1834610_0, 0;
    %jmp T_3.5;
T_3.4 ;
    %load/vec4 v000001eea1834610_0;
    %assign/vec4 v000001eea1834610_0, 0;
T_3.5 ;
T_3.3 ;
T_3.1 ;
    %jmp T_3;
    .thread T_3;
    .scope S_000001eea17deb30;
T_4 ;
    %wait E_000001eea17cc350;
    %load/vec4 v000001eea1835290_0;
    %nor/r;
    %flag_set/vec4 8;
    %jmp/0xz  T_4.0, 8;
    %pushi/vec4 1, 0, 1;
    %assign/vec4 v000001eea18342f0_0, 0;
    %pushi/vec4 0, 0, 1;
    %assign/vec4 v000001eea1834610_0, 0;
    %jmp T_4.1;
T_4.0 ;
    %load/vec4 v000001eea1834610_0;
    %cmpi/e 1, 0, 1;
    %jmp/0xz  T_4.2, 4;
    %load/vec4 v000001eea1835d30_0;
    %cmpi/e 0, 0, 2;
    %jmp/0xz  T_4.4, 4;
    %pushi/vec4 1, 0, 1;
    %assign/vec4 v000001eea18342f0_0, 0;
    %jmp T_4.5;
T_4.4 ;
    %load/vec4 v000001eea1835d30_0;
    %cmpi/e 2, 0, 2;
    %jmp/0xz  T_4.6, 4;
    %pushi/vec4 0, 0, 1;
    %assign/vec4 v000001eea18342f0_0, 0;
    %jmp T_4.7;
T_4.6 ;
    %load/vec4 v000001eea18342f0_0;
    %assign/vec4 v000001eea18342f0_0, 0;
T_4.7 ;
T_4.5 ;
    %jmp T_4.3;
T_4.2 ;
    %pushi/vec4 1, 0, 1;
    %assign/vec4 v000001eea18342f0_0, 0;
T_4.3 ;
T_4.1 ;
    %jmp T_4;
    .thread T_4;
    .scope S_000001eea17deb30;
T_5 ;
    %wait E_000001eea17cc350;
    %load/vec4 v000001eea1835290_0;
    %nor/r;
    %flag_set/vec4 8;
    %jmp/0xz  T_5.0, 8;
    %pushi/vec4 0, 0, 4;
    %assign/vec4 v000001eea1834390_0, 0;
    %pushi/vec4 0, 0, 4;
    %assign/vec4 v000001eea1835010_0, 0;
    %jmp T_5.1;
T_5.0 ;
    %load/vec4 v000001eea1834390_0;
    %assign/vec4 v000001eea1835010_0, 0;
T_5.1 ;
    %jmp T_5;
    .thread T_5;
    .scope S_000001eea17deb30;
T_6 ;
    %wait E_000001eea17cc350;
    %load/vec4 v000001eea1835290_0;
    %nor/r;
    %flag_set/vec4 8;
    %jmp/0xz  T_6.0, 8;
    %pushi/vec4 0, 0, 1;
    %assign/vec4 v000001eea18355b0_0, 0;
    %jmp T_6.1;
T_6.0 ;
    %load/vec4 v000001eea1834430_0;
    %assign/vec4 v000001eea18355b0_0, 0;
T_6.1 ;
    %jmp T_6;
    .thread T_6;
    .scope S_000001eea17deb30;
T_7 ;
    %wait E_000001eea17cc9d0;
    %load/vec4 v000001eea1835010_0;
    %dup/vec4;
    %pushi/vec4 0, 0, 4;
    %cmp/u;
    %jmp/1 T_7.0, 6;
    %dup/vec4;
    %pushi/vec4 1, 0, 4;
    %cmp/u;
    %jmp/1 T_7.1, 6;
    %dup/vec4;
    %pushi/vec4 3, 0, 4;
    %cmp/u;
    %jmp/1 T_7.2, 6;
    %dup/vec4;
    %pushi/vec4 2, 0, 4;
    %cmp/u;
    %jmp/1 T_7.3, 6;
    %dup/vec4;
    %pushi/vec4 6, 0, 4;
    %cmp/u;
    %jmp/1 T_7.4, 6;
    %dup/vec4;
    %pushi/vec4 7, 0, 4;
    %cmp/u;
    %jmp/1 T_7.5, 6;
    %dup/vec4;
    %pushi/vec4 5, 0, 4;
    %cmp/u;
    %jmp/1 T_7.6, 6;
    %dup/vec4;
    %pushi/vec4 4, 0, 4;
    %cmp/u;
    %jmp/1 T_7.7, 6;
    %dup/vec4;
    %pushi/vec4 8, 0, 4;
    %cmp/u;
    %jmp/1 T_7.8, 6;
    %dup/vec4;
    %pushi/vec4 12, 0, 4;
    %cmp/u;
    %jmp/1 T_7.9, 6;
    %dup/vec4;
    %pushi/vec4 13, 0, 4;
    %cmp/u;
    %jmp/1 T_7.10, 6;
    %dup/vec4;
    %pushi/vec4 15, 0, 4;
    %cmp/u;
    %jmp/1 T_7.11, 6;
    %dup/vec4;
    %pushi/vec4 14, 0, 4;
    %cmp/u;
    %jmp/1 T_7.12, 6;
    %dup/vec4;
    %pushi/vec4 10, 0, 4;
    %cmp/u;
    %jmp/1 T_7.13, 6;
    %dup/vec4;
    %pushi/vec4 11, 0, 4;
    %cmp/u;
    %jmp/1 T_7.14, 6;
    %dup/vec4;
    %pushi/vec4 9, 0, 4;
    %cmp/u;
    %jmp/1 T_7.15, 6;
    %jmp T_7.16;
T_7.0 ;
    %load/vec4 v000001eea1834570_0;
    %cmpi/e 1, 0, 1;
    %jmp/0xz  T_7.17, 4;
    %pushi/vec4 1, 0, 4;
    %store/vec4 v000001eea1834390_0, 0, 4;
    %jmp T_7.18;
T_7.17 ;
    %load/vec4 v000001eea1834390_0;
    %store/vec4 v000001eea1834390_0, 0, 4;
T_7.18 ;
    %jmp T_7.16;
T_7.1 ;
    %load/vec4 v000001eea1835d30_0;
    %cmpi/e 3, 0, 2;
    %jmp/0xz  T_7.19, 4;
    %pushi/vec4 3, 0, 4;
    %store/vec4 v000001eea1834390_0, 0, 4;
    %jmp T_7.20;
T_7.19 ;
    %load/vec4 v000001eea1834390_0;
    %store/vec4 v000001eea1834390_0, 0, 4;
T_7.20 ;
    %jmp T_7.16;
T_7.2 ;
    %load/vec4 v000001eea1835d30_0;
    %pushi/vec4 3, 0, 2;
    %cmp/e;
    %flag_get/vec4 4;
    %load/vec4 v000001eea1835830_0;
    %pushi/vec4 0, 0, 3;
    %cmp/e;
    %flag_get/vec4 4;
    %and;
    %flag_set/vec4 8;
    %jmp/0xz  T_7.21, 8;
    %pushi/vec4 2, 0, 4;
    %store/vec4 v000001eea1834390_0, 0, 4;
    %jmp T_7.22;
T_7.21 ;
    %load/vec4 v000001eea1834390_0;
    %store/vec4 v000001eea1834390_0, 0, 4;
T_7.22 ;
    %jmp T_7.16;
T_7.3 ;
    %load/vec4 v000001eea1835d30_0;
    %cmpi/e 3, 0, 2;
    %jmp/0xz  T_7.23, 4;
    %load/vec4 v000001eea18355b0_0;
    %cmpi/e 0, 0, 1;
    %jmp/0xz  T_7.25, 4;
    %load/vec4 v000001eea1834750_0;
    %cmpi/e 1, 0, 1;
    %jmp/0xz  T_7.27, 4;
    %pushi/vec4 6, 0, 4;
    %store/vec4 v000001eea1834390_0, 0, 4;
    %jmp T_7.28;
T_7.27 ;
    %pushi/vec4 5, 0, 4;
    %store/vec4 v000001eea1834390_0, 0, 4;
T_7.28 ;
    %jmp T_7.26;
T_7.25 ;
    %pushi/vec4 8, 0, 4;
    %store/vec4 v000001eea1834390_0, 0, 4;
T_7.26 ;
    %jmp T_7.24;
T_7.23 ;
    %load/vec4 v000001eea1834390_0;
    %store/vec4 v000001eea1834390_0, 0, 4;
T_7.24 ;
    %jmp T_7.16;
T_7.4 ;
    %load/vec4 v000001eea1835d30_0;
    %pushi/vec4 3, 0, 2;
    %cmp/e;
    %flag_get/vec4 4;
    %load/vec4 v000001eea1835830_0;
    %pushi/vec4 0, 0, 3;
    %cmp/e;
    %flag_get/vec4 4;
    %and;
    %flag_set/vec4 8;
    %jmp/0xz  T_7.29, 8;
    %pushi/vec4 7, 0, 4;
    %store/vec4 v000001eea1834390_0, 0, 4;
    %jmp T_7.30;
T_7.29 ;
    %load/vec4 v000001eea1834390_0;
    %store/vec4 v000001eea1834390_0, 0, 4;
T_7.30 ;
    %jmp T_7.16;
T_7.5 ;
    %load/vec4 v000001eea1835d30_0;
    %cmpi/e 3, 0, 2;
    %jmp/0xz  T_7.31, 4;
    %load/vec4 v000001eea18355b0_0;
    %cmpi/e 0, 0, 1;
    %jmp/0xz  T_7.33, 4;
    %pushi/vec4 5, 0, 4;
    %store/vec4 v000001eea1834390_0, 0, 4;
    %jmp T_7.34;
T_7.33 ;
    %pushi/vec4 8, 0, 4;
    %store/vec4 v000001eea1834390_0, 0, 4;
T_7.34 ;
    %jmp T_7.32;
T_7.31 ;
    %load/vec4 v000001eea1834390_0;
    %store/vec4 v000001eea1834390_0, 0, 4;
T_7.32 ;
    %jmp T_7.16;
T_7.6 ;
    %load/vec4 v000001eea1835d30_0;
    %pushi/vec4 3, 0, 2;
    %cmp/e;
    %flag_get/vec4 4;
    %load/vec4 v000001eea1835830_0;
    %pushi/vec4 0, 0, 3;
    %cmp/e;
    %flag_get/vec4 4;
    %and;
    %flag_set/vec4 8;
    %jmp/0xz  T_7.35, 8;
    %pushi/vec4 4, 0, 4;
    %store/vec4 v000001eea1834390_0, 0, 4;
    %jmp T_7.36;
T_7.35 ;
    %load/vec4 v000001eea1834390_0;
    %store/vec4 v000001eea1834390_0, 0, 4;
T_7.36 ;
    %jmp T_7.16;
T_7.7 ;
    %load/vec4 v000001eea1835d30_0;
    %cmpi/e 3, 0, 2;
    %jmp/0xz  T_7.37, 4;
    %load/vec4 v000001eea18355b0_0;
    %cmpi/e 0, 0, 1;
    %jmp/0xz  T_7.39, 4;
    %load/vec4 v000001eea1835a10_0;
    %cmpi/e 0, 0, 1;
    %jmp/0xz  T_7.41, 4;
    %pushi/vec4 11, 0, 4;
    %store/vec4 v000001eea1834390_0, 0, 4;
    %jmp T_7.42;
T_7.41 ;
    %pushi/vec4 12, 0, 4;
    %store/vec4 v000001eea1834390_0, 0, 4;
T_7.42 ;
    %jmp T_7.40;
T_7.39 ;
    %pushi/vec4 8, 0, 4;
    %store/vec4 v000001eea1834390_0, 0, 4;
T_7.40 ;
    %jmp T_7.38;
T_7.37 ;
    %load/vec4 v000001eea1834390_0;
    %store/vec4 v000001eea1834390_0, 0, 4;
T_7.38 ;
    %jmp T_7.16;
T_7.8 ;
    %load/vec4 v000001eea1835d30_0;
    %cmpi/e 3, 0, 2;
    %jmp/0xz  T_7.43, 4;
    %pushi/vec4 0, 0, 4;
    %store/vec4 v000001eea1834390_0, 0, 4;
    %jmp T_7.44;
T_7.43 ;
    %load/vec4 v000001eea1834390_0;
    %store/vec4 v000001eea1834390_0, 0, 4;
T_7.44 ;
    %jmp T_7.16;
T_7.9 ;
    %load/vec4 v000001eea1835d30_0;
    %cmpi/e 3, 0, 2;
    %jmp/0xz  T_7.45, 4;
    %pushi/vec4 13, 0, 4;
    %store/vec4 v000001eea1834390_0, 0, 4;
    %jmp T_7.46;
T_7.45 ;
    %load/vec4 v000001eea1834390_0;
    %store/vec4 v000001eea1834390_0, 0, 4;
T_7.46 ;
    %jmp T_7.16;
T_7.10 ;
    %load/vec4 v000001eea1835d30_0;
    %pushi/vec4 3, 0, 2;
    %cmp/e;
    %flag_get/vec4 4;
    %load/vec4 v000001eea1835830_0;
    %pushi/vec4 0, 0, 3;
    %cmp/e;
    %flag_get/vec4 4;
    %and;
    %flag_set/vec4 8;
    %jmp/0xz  T_7.47, 8;
    %pushi/vec4 15, 0, 4;
    %store/vec4 v000001eea1834390_0, 0, 4;
    %jmp T_7.48;
T_7.47 ;
    %load/vec4 v000001eea1834390_0;
    %store/vec4 v000001eea1834390_0, 0, 4;
T_7.48 ;
    %jmp T_7.16;
T_7.11 ;
    %load/vec4 v000001eea1835d30_0;
    %cmpi/e 3, 0, 2;
    %jmp/0xz  T_7.49, 4;
    %load/vec4 v000001eea18355b0_0;
    %cmpi/e 0, 0, 1;
    %jmp/0xz  T_7.51, 4;
    %pushi/vec4 14, 0, 4;
    %store/vec4 v000001eea1834390_0, 0, 4;
    %jmp T_7.52;
T_7.51 ;
    %pushi/vec4 8, 0, 4;
    %store/vec4 v000001eea1834390_0, 0, 4;
T_7.52 ;
    %jmp T_7.50;
T_7.49 ;
    %load/vec4 v000001eea1834390_0;
    %store/vec4 v000001eea1834390_0, 0, 4;
T_7.50 ;
    %jmp T_7.16;
T_7.12 ;
    %load/vec4 v000001eea1835d30_0;
    %pushi/vec4 3, 0, 2;
    %cmp/e;
    %flag_get/vec4 4;
    %load/vec4 v000001eea1835830_0;
    %pushi/vec4 0, 0, 3;
    %cmp/e;
    %flag_get/vec4 4;
    %and;
    %flag_set/vec4 8;
    %jmp/0xz  T_7.53, 8;
    %pushi/vec4 10, 0, 4;
    %store/vec4 v000001eea1834390_0, 0, 4;
    %jmp T_7.54;
T_7.53 ;
    %load/vec4 v000001eea1834390_0;
    %store/vec4 v000001eea1834390_0, 0, 4;
T_7.54 ;
    %jmp T_7.16;
T_7.13 ;
    %load/vec4 v000001eea1835d30_0;
    %cmpi/e 3, 0, 2;
    %jmp/0xz  T_7.55, 4;
    %pushi/vec4 8, 0, 4;
    %assign/vec4 v000001eea1834390_0, 0;
    %jmp T_7.56;
T_7.55 ;
    %load/vec4 v000001eea1834390_0;
    %store/vec4 v000001eea1834390_0, 0, 4;
T_7.56 ;
    %jmp T_7.16;
T_7.14 ;
    %load/vec4 v000001eea1835d30_0;
    %pushi/vec4 3, 0, 2;
    %cmp/e;
    %flag_get/vec4 4;
    %load/vec4 v000001eea1835830_0;
    %pushi/vec4 0, 0, 3;
    %cmp/e;
    %flag_get/vec4 4;
    %and;
    %flag_set/vec4 8;
    %jmp/0xz  T_7.57, 8;
    %pushi/vec4 9, 0, 4;
    %store/vec4 v000001eea1834390_0, 0, 4;
    %jmp T_7.58;
T_7.57 ;
    %load/vec4 v000001eea1834390_0;
    %store/vec4 v000001eea1834390_0, 0, 4;
T_7.58 ;
    %jmp T_7.16;
T_7.15 ;
    %load/vec4 v000001eea1835d30_0;
    %cmpi/e 3, 0, 2;
    %jmp/0xz  T_7.59, 4;
    %load/vec4 v000001eea18355b0_0;
    %cmpi/e 0, 0, 1;
    %jmp/0xz  T_7.61, 4;
    %pushi/vec4 8, 0, 4;
    %store/vec4 v000001eea1834390_0, 0, 4;
    %jmp T_7.62;
T_7.61 ;
    %pushi/vec4 8, 0, 4;
    %store/vec4 v000001eea1834390_0, 0, 4;
T_7.62 ;
    %jmp T_7.60;
T_7.59 ;
    %load/vec4 v000001eea1834390_0;
    %store/vec4 v000001eea1834390_0, 0, 4;
T_7.60 ;
    %jmp T_7.16;
T_7.16 ;
    %pop/vec4 1;
    %jmp T_7;
    .thread T_7, $push;
    .scope S_000001eea17deb30;
T_8 ;
    %wait E_000001eea17cc350;
    %load/vec4 v000001eea1835290_0;
    %nor/r;
    %flag_set/vec4 8;
    %jmp/0xz  T_8.0, 8;
    %pushi/vec4 0, 0, 1;
    %assign/vec4 v000001eea1834570_0, 0;
    %jmp T_8.1;
T_8.0 ;
    %load/vec4 v000001eea1835330_0;
    %assign/vec4 v000001eea1834570_0, 0;
T_8.1 ;
    %jmp T_8;
    .thread T_8;
    .scope S_000001eea17deb30;
T_9 ;
    %wait E_000001eea17cc350;
    %load/vec4 v000001eea1835290_0;
    %nor/r;
    %flag_set/vec4 8;
    %jmp/0xz  T_9.0, 8;
    %pushi/vec4 1, 0, 1;
    %assign/vec4 v000001eea1835bf0_0, 0;
    %jmp T_9.1;
T_9.0 ;
    %load/vec4 v000001eea1834390_0;
    %dup/vec4;
    %pushi/vec4 0, 0, 4;
    %cmp/u;
    %jmp/1 T_9.2, 6;
    %dup/vec4;
    %pushi/vec4 1, 0, 4;
    %cmp/u;
    %jmp/1 T_9.3, 6;
    %dup/vec4;
    %pushi/vec4 3, 0, 4;
    %cmp/u;
    %jmp/1 T_9.4, 6;
    %dup/vec4;
    %pushi/vec4 2, 0, 4;
    %cmp/u;
    %jmp/1 T_9.5, 6;
    %dup/vec4;
    %pushi/vec4 6, 0, 4;
    %cmp/u;
    %jmp/1 T_9.6, 6;
    %dup/vec4;
    %pushi/vec4 7, 0, 4;
    %cmp/u;
    %jmp/1 T_9.7, 6;
    %dup/vec4;
    %pushi/vec4 5, 0, 4;
    %cmp/u;
    %jmp/1 T_9.8, 6;
    %dup/vec4;
    %pushi/vec4 4, 0, 4;
    %cmp/u;
    %jmp/1 T_9.9, 6;
    %dup/vec4;
    %pushi/vec4 11, 0, 4;
    %cmp/u;
    %jmp/1 T_9.10, 6;
    %dup/vec4;
    %pushi/vec4 9, 0, 4;
    %cmp/u;
    %jmp/1 T_9.11, 6;
    %dup/vec4;
    %pushi/vec4 12, 0, 4;
    %cmp/u;
    %jmp/1 T_9.12, 6;
    %dup/vec4;
    %pushi/vec4 13, 0, 4;
    %cmp/u;
    %jmp/1 T_9.13, 6;
    %dup/vec4;
    %pushi/vec4 15, 0, 4;
    %cmp/u;
    %jmp/1 T_9.14, 6;
    %dup/vec4;
    %pushi/vec4 14, 0, 4;
    %cmp/u;
    %jmp/1 T_9.15, 6;
    %dup/vec4;
    %pushi/vec4 10, 0, 4;
    %cmp/u;
    %jmp/1 T_9.16, 6;
    %dup/vec4;
    %pushi/vec4 8, 0, 4;
    %cmp/u;
    %jmp/1 T_9.17, 6;
    %jmp T_9.18;
T_9.2 ;
    %pushi/vec4 1, 0, 1;
    %assign/vec4 v000001eea1835bf0_0, 0;
    %jmp T_9.18;
T_9.3 ;
    %load/vec4 v000001eea1835d30_0;
    %pushi/vec4 0, 0, 2;
    %cmp/e;
    %flag_get/vec4 4;
    %load/vec4 v000001eea18344d0_0;
    %pushi/vec4 1, 0, 1;
    %cmp/e;
    %flag_get/vec4 4;
    %and;
    %flag_set/vec4 8;
    %jmp/0xz  T_9.19, 8;
    %pushi/vec4 0, 0, 1;
    %assign/vec4 v000001eea1835bf0_0, 0;
    %jmp T_9.20;
T_9.19 ;
    %load/vec4 v000001eea1835bf0_0;
    %assign/vec4 v000001eea1835bf0_0, 0;
T_9.20 ;
    %jmp T_9.18;
T_9.4 ;
    %load/vec4 v000001eea1835830_0;
    %cmpi/u 6, 0, 3;
    %flag_or 5, 4;
    %jmp/0xz  T_9.21, 5;
    %load/vec4 v000001eea1834bb0_0;
    %pushi/vec4 6, 0, 32;
    %load/vec4 v000001eea1835830_0;
    %pad/u 32;
    %sub;
    %part/u 1;
    %assign/vec4 v000001eea1835bf0_0, 0;
    %jmp T_9.22;
T_9.21 ;
    %pushi/vec4 0, 0, 1;
    %assign/vec4 v000001eea1835bf0_0, 0;
T_9.22 ;
    %jmp T_9.18;
T_9.5 ;
    %pushi/vec4 1, 0, 1;
    %assign/vec4 v000001eea1835bf0_0, 0;
    %jmp T_9.18;
T_9.6 ;
    %load/vec4 v000001eea18351f0_0;
    %pushi/vec4 15, 0, 32;
    %load/vec4 v000001eea1835830_0;
    %pad/u 32;
    %sub;
    %part/u 1;
    %assign/vec4 v000001eea1835bf0_0, 0;
    %jmp T_9.18;
T_9.7 ;
    %pushi/vec4 1, 0, 1;
    %assign/vec4 v000001eea1835bf0_0, 0;
    %jmp T_9.18;
T_9.8 ;
    %load/vec4 v000001eea18351f0_0;
    %pushi/vec4 7, 0, 32;
    %load/vec4 v000001eea1835830_0;
    %pad/u 32;
    %sub;
    %part/u 1;
    %assign/vec4 v000001eea1835bf0_0, 0;
    %jmp T_9.18;
T_9.9 ;
    %pushi/vec4 1, 0, 1;
    %assign/vec4 v000001eea1835bf0_0, 0;
    %jmp T_9.18;
T_9.10 ;
    %load/vec4 v000001eea1834250_0;
    %pushi/vec4 7, 0, 32;
    %load/vec4 v000001eea1835830_0;
    %pad/u 32;
    %sub;
    %part/u 1;
    %assign/vec4 v000001eea1835bf0_0, 0;
    %jmp T_9.18;
T_9.11 ;
    %pushi/vec4 0, 0, 1;
    %assign/vec4 v000001eea1835bf0_0, 0;
    %jmp T_9.18;
T_9.12 ;
    %load/vec4 v000001eea1835d30_0;
    %cmpi/e 1, 0, 2;
    %jmp/0xz  T_9.23, 4;
    %pushi/vec4 0, 0, 1;
    %assign/vec4 v000001eea1835bf0_0, 0;
    %jmp T_9.24;
T_9.23 ;
    %load/vec4 v000001eea1835bf0_0;
    %assign/vec4 v000001eea1835bf0_0, 0;
T_9.24 ;
    %jmp T_9.18;
T_9.13 ;
    %load/vec4 v000001eea1835830_0;
    %cmpi/u 6, 0, 3;
    %flag_or 5, 4;
    %jmp/0xz  T_9.25, 5;
    %load/vec4 v000001eea1834bb0_0;
    %pushi/vec4 6, 0, 32;
    %load/vec4 v000001eea1835830_0;
    %pad/u 32;
    %sub;
    %part/u 1;
    %assign/vec4 v000001eea1835bf0_0, 0;
    %jmp T_9.26;
T_9.25 ;
    %pushi/vec4 1, 0, 1;
    %assign/vec4 v000001eea1835bf0_0, 0;
T_9.26 ;
    %jmp T_9.18;
T_9.14 ;
    %pushi/vec4 1, 0, 1;
    %assign/vec4 v000001eea1835bf0_0, 0;
    %jmp T_9.18;
T_9.15 ;
    %load/vec4 v000001eea1834430_0;
    %ix/load 5, 0, 0;
    %pushi/vec4 7, 0, 32;
    %load/vec4 v000001eea1835830_0;
    %pad/u 32;
    %sub;
    %ix/vec4 4;
    %assign/vec4/off/d v000001eea1834890_0, 4, 5;
    %jmp T_9.18;
T_9.16 ;
    %pushi/vec4 1, 0, 1;
    %assign/vec4 v000001eea1835bf0_0, 0;
    %jmp T_9.18;
T_9.17 ;
    %load/vec4 v000001eea1835d30_0;
    %cmpi/e 3, 0, 2;
    %jmp/0xz  T_9.27, 4;
    %pushi/vec4 0, 0, 1;
    %assign/vec4 v000001eea1835bf0_0, 0;
    %jmp T_9.28;
T_9.27 ;
    %load/vec4 v000001eea1835d30_0;
    %cmpi/e 2, 0, 2;
    %jmp/0xz  T_9.29, 4;
    %pushi/vec4 1, 0, 1;
    %assign/vec4 v000001eea1835bf0_0, 0;
    %jmp T_9.30;
T_9.29 ;
    %load/vec4 v000001eea1835bf0_0;
    %assign/vec4 v000001eea1835bf0_0, 0;
T_9.30 ;
T_9.28 ;
    %jmp T_9.18;
T_9.18 ;
    %pop/vec4 1;
T_9.1 ;
    %jmp T_9;
    .thread T_9;
    .scope S_000001eea17de7d0;
T_10 ;
    %pushi/vec4 20, 0, 32;
    %store/vec4 v000001eea1834930_0, 0, 32;
    %pushi/vec4 20000, 0, 32;
    %store/vec4 v000001eea18353d0_0, 0, 32;
    %end;
    .thread T_10;
    .scope S_000001eea17de7d0;
T_11 ;
    %pushi/vec4 0, 0, 1;
    %store/vec4 v000001eea18381f0_0, 0, 1;
    %pushi/vec4 0, 0, 1;
    %store/vec4 v000001eea18376b0_0, 0, 1;
    %pushi/vec4 0, 0, 1;
    %store/vec4 v000001eea1837b10_0, 0, 1;
    %pushi/vec4 0, 0, 1;
    %store/vec4 v000001eea1837f70_0, 0, 1;
    %pushi/vec4 1, 0, 1;
    %store/vec4 v000001eea1836ad0_0, 0, 1;
    %pushi/vec4 0, 0, 7;
    %store/vec4 v000001eea1837570_0, 0, 7;
    %pushi/vec4 0, 0, 8;
    %store/vec4 v000001eea1837750_0, 0, 8;
    %pushi/vec4 0, 0, 16;
    %store/vec4 v000001eea1837c50_0, 0, 16;
    %pushi/vec4 0, 0, 1;
    %store/vec4 v000001eea1836530_0, 0, 1;
    %pushi/vec4 0, 0, 1;
    %store/vec4 v000001eea18380b0_0, 0, 1;
    %pushi/vec4 0, 0, 8;
    %store/vec4 v000001eea18371b0_0, 0, 8;
    %pushi/vec4 0, 0, 1;
    %store/vec4 v000001eea1836a30_0, 0, 1;
    %end;
    .thread T_11;
    .scope S_000001eea17de7d0;
T_12 ;
    %load/vec4 v000001eea1834930_0;
    %pushi/vec4 2, 0, 32;
    %div/s;
    %pad/s 64;
    %muli 1000, 0, 64;
    %ix/vec4 4;
    %delayx 4;
    %load/vec4 v000001eea18381f0_0;
    %inv;
    %store/vec4 v000001eea18381f0_0, 0, 1;
    %jmp T_12;
    .thread T_12;
    .scope S_000001eea17de7d0;
T_13 ;
    %load/vec4 v000001eea18353d0_0;
    %muli 2, 0, 32;
    %pad/s 64;
    %muli 1000, 0, 64;
    %ix/vec4 4;
    %delayx 4;
    %pushi/vec4 1, 0, 1;
    %store/vec4 v000001eea18376b0_0, 0, 1;
    %load/vec4 v000001eea18353d0_0;
    %pad/s 64;
    %muli 1000, 0, 64;
    %ix/vec4 4;
    %delayx 4;
    %pushi/vec4 1, 0, 1;
    %store/vec4 v000001eea1837b10_0, 0, 1;
    %pushi/vec4 81, 0, 7;
    %store/vec4 v000001eea1837570_0, 0, 7;
    %pushi/vec4 187, 0, 16;
    %store/vec4 v000001eea1837c50_0, 0, 16;
    %pushi/vec4 255, 0, 8;
    %store/vec4 v000001eea1837750_0, 0, 8;
    %pushi/vec4 204, 0, 8;
    %store/vec4 v000001eea18371b0_0, 0, 8;
    %load/vec4 v000001eea18353d0_0;
    %pushi/vec4 2, 0, 32;
    %div/s;
    %pad/s 64;
    %muli 1000, 0, 64;
    %ix/vec4 4;
    %delayx 4;
    %pushi/vec4 0, 0, 1;
    %store/vec4 v000001eea1837b10_0, 0, 1;
    %pushi/real 1174405120, 4069; load=8.75000
    %load/vec4 v000001eea18353d0_0;
    %cvt/rv/s;
    %mul/wr;
    %pushi/real 2097152000, 4075; load=1000.00
    %mul/wr;
    %cvt/vr 64;
    %muli 1, 0, 64;
    %ix/vec4 4;
    %delayx 4;
    %pushi/vec4 1, 0, 1;
    %store/vec4 v000001eea1836530_0, 0, 1;
    %load/vec4 v000001eea18353d0_0;
    %pad/s 64;
    %muli 1000, 0, 64;
    %ix/vec4 4;
    %delayx 4;
    %pushi/vec4 0, 0, 1;
    %store/vec4 v000001eea1836530_0, 0, 1;
    %load/vec4 v000001eea18353d0_0;
    %muli 8, 0, 32;
    %pad/s 64;
    %muli 1000, 0, 64;
    %ix/vec4 4;
    %delayx 4;
    %pushi/vec4 1, 0, 1;
    %store/vec4 v000001eea1836530_0, 0, 1;
    %load/vec4 v000001eea18353d0_0;
    %pad/s 64;
    %muli 1000, 0, 64;
    %ix/vec4 4;
    %delayx 4;
    %pushi/vec4 0, 0, 1;
    %store/vec4 v000001eea1836530_0, 0, 1;
    %load/vec4 v000001eea18353d0_0;
    %muli 9, 0, 32;
    %pad/s 64;
    %muli 1000, 0, 64;
    %ix/vec4 4;
    %delayx 4;
    %pushi/vec4 1, 0, 1;
    %store/vec4 v000001eea1836530_0, 0, 1;
    %load/vec4 v000001eea18353d0_0;
    %pad/s 64;
    %muli 1000, 0, 64;
    %ix/vec4 4;
    %delayx 4;
    %pushi/vec4 0, 0, 1;
    %store/vec4 v000001eea1836530_0, 0, 1;
    %pushi/vec4 1, 0, 1;
    %store/vec4 v000001eea1836a30_0, 0, 1;
    %load/vec4 v000001eea18371b0_0;
    %parti/s 1, 7, 4;
    %store/vec4 v000001eea1836fd0_0, 0, 1;
    %pushi/vec4 0, 0, 32;
    %store/vec4 v000001eea1838010_0, 0, 32;
T_13.0 ;
    %load/vec4 v000001eea1838010_0;
    %cmpi/s 6, 0, 32;
    %flag_or 5, 4;
    %jmp/0xz T_13.1, 5;
    %load/vec4 v000001eea18353d0_0;
    %pad/s 64;
    %muli 1000, 0, 64;
    %ix/vec4 4;
    %delayx 4;
    %load/vec4 v000001eea18371b0_0;
    %pushi/vec4 6, 0, 32;
    %load/vec4 v000001eea1838010_0;
    %sub;
    %part/s 1;
    %store/vec4 v000001eea1836fd0_0, 0, 1;
    ; show_stmt_assign_vector: Get l-value for compressed += operand
    %load/vec4 v000001eea1838010_0;
    %pushi/vec4 1, 0, 32;
    %add;
    %store/vec4 v000001eea1838010_0, 0, 32;
    %jmp T_13.0;
T_13.1 ;
    %load/vec4 v000001eea18353d0_0;
    %pad/s 64;
    %muli 1000, 0, 64;
    %ix/vec4 4;
    %delayx 4;
    %pushi/vec4 0, 0, 1;
    %store/vec4 v000001eea1836a30_0, 0, 1;
    %load/vec4 v000001eea18353d0_0;
    %muli 10, 0, 32;
    %pad/s 64;
    %muli 1000, 0, 64;
    %ix/vec4 4;
    %delayx 4;
    %vpi_call 2 77 "$finish" {0 0 0};
    %end;
    .thread T_13;
    .scope S_000001eea17de7d0;
T_14 ;
    %vpi_call 2 99 "$dumpfile", "wave_read.vcd" {0 0 0};
    %vpi_call 2 100 "$dumpvars", 32'sb00000000000000000000000000000000, S_000001eea17de7d0 {0 0 0};
    %end;
    .thread T_14;
# The file index is used to find the file name in the following table.
:file_names 4;
    "N/A";
    "<interactive>";
    "tb_i2c_core_read.v";
    "./i2c_core.v";
